Arguments: 
  /usr/local/bin/node /usr/local/bin/yarn init

PATH: 
  /Users/chegequmu/.rvm/gems/ruby-3.0.0/bin:/Users/chegequmu/.rvm/gems/ruby-3.0.0@global/bin:/Users/chegequmu/.rvm/rubies/ruby-3.0.0/bin:/usr/local/bin:/usr/bin:/bin:/usr/sbin:/sbin:/Library/Apple/usr/bin:/Library/Frameworks/Mono.framework/Versions/Current/Commands:/Applications/Postgres.app/Contents/Versions/latest/bin:/Users/chegequmu/.rvm/bin

Yarn version: 
  1.22.4

Node version: 
  14.18.1

Platform: 
  darwin x64

Trace: 
  Error: canceled
      at Interface.<anonymous> (/usr/local/lib/node_modules/yarn/lib/cli.js:137008:13)
      at Interface.emit (events.js:400:28)
      at Interface._ttyWrite (readline.js:1001:16)
      at ReadStream.onkeypress (readline.js:265:10)
      at ReadStream.emit (events.js:400:28)
      at emitKeys (internal/readline/utils.js:358:14)
      at emitKeys.next (<anonymous>)
      at ReadStream.onData (readline.js:1270:36)
      at ReadStream.emit (events.js:400:28)
      at addChunk (internal/streams/readable.js:293:12)

npm manifest: 
  No manifest

yarn manifest: 
  No manifest

Lockfile: 
  No lockfile
